<?xml version="1.0" encoding="UTF-8"?>
<!-- Generated by org.testng.reporters.JUnitXMLReporter -->
<testsuite hostname="G6CNTKBUNFS1HDX" name="testngserver(failed)" tests="1" failures="1" timestamp="23 Jan 2019 07:57:48 GMT" time="0.005" errors="0">
  <testcase name="testFail" time="0.0" classname="org.zhanglei.testdemo.TestDependence">
    <failure type="java.lang.AssertionError" message="expected [true] but found [false]">
      <![CDATA[java.lang.AssertionError: expected [true] but found [false]
	at org.zhanglei.testdemo.TestDependence.testFail(TestDependence.java:35)
	at org.zhanglei.RunTestNG.main(RunTestNG.java:26)
... Removed 25 stack frames]]>
    </failure>
  </testcase> <!-- testFail -->
</testsuite> <!-- testngserver(failed) -->
