<?xml version="1.0" encoding="UTF-8"?>
<!-- Generated by org.testng.reporters.JUnitXMLReporter -->
<testsuite hostname="G6CNTKBUNFS1HDX" name="testngserver" tests="5" failures="1" timestamp="23 Jan 2019 07:57:48 GMT" time="0.079" errors="0">
  <testcase name="restartTomcatService" time="0.041" classname="org.zhanglei.testdemo.TestDependence"/>
  <testcase name="testFail" time="0.007" classname="org.zhanglei.testdemo.TestDependence">
    <failure type="java.lang.AssertionError" message="expected [true] but found [false]">
      <![CDATA[java.lang.AssertionError: expected [true] but found [false]
	at org.zhanglei.testdemo.TestDependence.testFail(TestDependence.java:35)
	at org.zhanglei.RunTestNG.main(RunTestNG.java:19)
... Removed 25 stack frames]]>
    </failure>
  </testcase> <!-- testFail -->
  <testcase name="tomcatServiceIsDown" time="0.0" classname="org.zhanglei.testdemo.TestDependence"/>
  <testcase name="shutDownApp" time="0.0" classname="org.zhanglei.testdemo.TestDependence"/>
  <testcase name="startAppServer" time="0.001" classname="org.zhanglei.testdemo.TestDependence"/>
</testsuite> <!-- testngserver -->
